<?xml version="1.0" encoding="UTF-8"?>
<testsuite name="com.sijune.blog.springboot.web.IndexControllerTest" tests="1" skipped="0" failures="0" errors="0" timestamp="2020-08-17T05:21:36" hostname="SijuneLcBookPro" time="0.203">
  <properties/>
  <testcase name="main_loading" classname="com.sijune.blog.springboot.web.IndexControllerTest" time="0.203"/>
  <system-out><![CDATA[2020-08-17 14:21:32.944  INFO 26152 --- [    Test worker] .b.t.c.SpringBootTestContextBootstrapper : Neither @ContextConfiguration nor @ContextHierarchy found for test class [com.sijune.blog.springboot.web.IndexControllerTest], using SpringBootContextLoader
2020-08-17 14:21:32.945  INFO 26152 --- [    Test worker] o.s.t.c.support.AbstractContextLoader    : Could not detect default resource locations for test class [com.sijune.blog.springboot.web.IndexControllerTest]: no resource found for suffixes {-context.xml, Context.groovy}.
2020-08-17 14:21:32.945  INFO 26152 --- [    Test worker] t.c.s.AnnotationConfigContextLoaderUtils : Could not detect default configuration classes for test class [com.sijune.blog.springboot.web.IndexControllerTest]: IndexControllerTest does not declare any static, non-private, non-final, nested classes annotated with @Configuration.
2020-08-17 14:21:32.946  INFO 26152 --- [    Test worker] .b.t.c.SpringBootTestContextBootstrapper : Found @SpringBootConfiguration com.sijune.blog.springboot.Application for test class com.sijune.blog.springboot.web.IndexControllerTest
2020-08-17 14:21:32.947  INFO 26152 --- [    Test worker] .b.t.c.SpringBootTestContextBootstrapper : Loaded default TestExecutionListener class names from location [META-INF/spring.factories]: [org.springframework.security.test.context.support.WithSecurityContextTestExecutionListener, org.springframework.security.test.context.support.ReactorContextTestExecutionListener, org.springframework.boot.test.autoconfigure.restdocs.RestDocsTestExecutionListener, org.springframework.boot.test.autoconfigure.web.client.MockRestServiceServerResetTestExecutionListener, org.springframework.boot.test.autoconfigure.web.servlet.MockMvcPrintOnlyOnFailureTestExecutionListener, org.springframework.boot.test.autoconfigure.web.servlet.WebDriverTestExecutionListener, org.springframework.boot.test.mock.mockito.MockitoTestExecutionListener, org.springframework.boot.test.mock.mockito.ResetMocksTestExecutionListener, org.springframework.test.context.web.ServletTestExecutionListener, org.springframework.test.context.support.DirtiesContextBeforeModesTestExecutionListener, org.springframework.test.context.support.DependencyInjectionTestExecutionListener, org.springframework.test.context.support.DirtiesContextTestExecutionListener, org.springframework.test.context.transaction.TransactionalTestExecutionListener, org.springframework.test.context.jdbc.SqlScriptsTestExecutionListener]
2020-08-17 14:21:32.948  INFO 26152 --- [    Test worker] .b.t.c.SpringBootTestContextBootstrapper : Using TestExecutionListeners: [org.springframework.test.context.web.ServletTestExecutionListener@49477e58, org.springframework.test.context.support.DirtiesContextBeforeModesTestExecutionListener@75bbe5e, org.springframework.boot.test.mock.mockito.MockitoTestExecutionListener@1c840fea, org.springframework.boot.test.autoconfigure.SpringBootDependencyInjectionTestExecutionListener@363e9541, org.springframework.test.context.support.DirtiesContextTestExecutionListener@44f99860, org.springframework.test.context.transaction.TransactionalTestExecutionListener@1e8a77ef, org.springframework.test.context.jdbc.SqlScriptsTestExecutionListener@224dc08b, org.springframework.security.test.context.support.WithSecurityContextTestExecutionListener@601bdd1e, org.springframework.security.test.context.support.ReactorContextTestExecutionListener@68a973e5, org.springframework.boot.test.autoconfigure.restdocs.RestDocsTestExecutionListener@25515410, org.springframework.boot.test.autoconfigure.web.client.MockRestServiceServerResetTestExecutionListener@69d481a9, org.springframework.boot.test.autoconfigure.web.servlet.MockMvcPrintOnlyOnFailureTestExecutionListener@579942a0, org.springframework.boot.test.autoconfigure.web.servlet.WebDriverTestExecutionListener@740c25ed, org.springframework.boot.test.mock.mockito.ResetMocksTestExecutionListener@5b521ea8]

  .   ____          _            __ _ _
 /\\ / ___'_ __ _ _(_)_ __  __ _ \ \ \ \
( ( )\___ | '_ | '_| | '_ \/ _` | \ \ \ \
 \\/  ___)| |_)| | | | | || (_| |  ) ) ) )
  '  |____| .__|_| |_|_| |_\__, | / / / /
 =========|_|==============|___/=/_/_/_/
 :: Spring Boot ::        (v2.1.7.RELEASE)

2020-08-17 14:21:32.967  INFO 26152 --- [    Test worker] c.s.b.s.web.IndexControllerTest          : Starting IndexControllerTest on SijuneLcBookPro with PID 26152 (started by sijune in /Users/sijune/Desktop/springbootBlog)
2020-08-17 14:21:32.967  INFO 26152 --- [    Test worker] c.s.b.s.web.IndexControllerTest          : No active profile set, falling back to default profiles: default
2020-08-17 14:21:33.259  INFO 26152 --- [    Test worker] .s.d.r.c.RepositoryConfigurationDelegate : Bootstrapping Spring Data repositories in DEFAULT mode.
2020-08-17 14:21:33.319  INFO 26152 --- [    Test worker] .s.d.r.c.RepositoryConfigurationDelegate : Finished Spring Data repository scanning in 54ms. Found 2 repository interfaces.
2020-08-17 14:21:33.545  INFO 26152 --- [    Test worker] trationDelegate$BeanPostProcessorChecker : Bean 'org.springframework.transaction.annotation.ProxyTransactionManagementConfiguration' of type [org.springframework.transaction.annotation.ProxyTransactionManagementConfiguration$$EnhancerBySpringCGLIB$$54bff005] is not eligible for getting processed by all BeanPostProcessors (for example: not eligible for auto-proxying)
2020-08-17 14:21:33.825  INFO 26152 --- [    Test worker] o.s.b.w.embedded.tomcat.TomcatWebServer  : Tomcat initialized with port(s): 0 (http)
2020-08-17 14:21:33.863  INFO 26152 --- [    Test worker] o.apache.catalina.core.StandardService   : Starting service [Tomcat]
2020-08-17 14:21:33.864  INFO 26152 --- [    Test worker] org.apache.catalina.core.StandardEngine  : Starting Servlet engine: [Apache Tomcat/9.0.22]
2020-08-17 14:21:33.982  INFO 26152 --- [    Test worker] o.a.c.c.C.[Tomcat].[localhost].[/]       : Initializing Spring embedded WebApplicationContext
2020-08-17 14:21:33.982  INFO 26152 --- [    Test worker] o.s.web.context.ContextLoader            : Root WebApplicationContext: initialization completed in 1013 ms
2020-08-17 14:21:34.197  INFO 26152 --- [    Test worker] com.zaxxer.hikari.HikariDataSource       : HikariPool-1 - Starting...
2020-08-17 14:21:34.328  INFO 26152 --- [    Test worker] com.zaxxer.hikari.HikariDataSource       : HikariPool-1 - Start completed.
2020-08-17 14:21:34.408  INFO 26152 --- [    Test worker] o.hibernate.jpa.internal.util.LogHelper  : HHH000204: Processing PersistenceUnitInfo [
	name: default
	...]
2020-08-17 14:21:34.469  INFO 26152 --- [    Test worker] org.hibernate.Version                    : HHH000412: Hibernate Core {5.3.10.Final}
2020-08-17 14:21:34.471  INFO 26152 --- [    Test worker] org.hibernate.cfg.Environment            : HHH000206: hibernate.properties not found
2020-08-17 14:21:34.522  INFO 26152 --- [    Test worker] o.hibernate.annotations.common.Version   : HCANN000001: Hibernate Commons Annotations {5.0.4.Final}
2020-08-17 14:21:34.672  INFO 26152 --- [    Test worker] org.hibernate.dialect.Dialect            : HHH000400: Using dialect: org.hibernate.dialect.MySQL5InnoDBDialect
Hibernate: drop table if exists posts
Hibernate: drop table if exists user
Hibernate: create table posts (id bigint not null auto_increment, create_date datetime, modified_date datetime, author varchar(255), content TEXT not null, title varchar(500) not null, primary key (id)) engine=InnoDB
Hibernate: create table user (id bigint not null auto_increment, create_date datetime, modified_date datetime, email varchar(255) not null, name varchar(255) not null, picture varchar(255), role varchar(255) not null, primary key (id)) engine=InnoDB
2020-08-17 14:21:35.423  INFO 26152 --- [    Test worker] o.h.t.schema.internal.SchemaCreatorImpl  : HHH000476: Executing import script 'org.hibernate.tool.schema.internal.exec.ScriptSourceInputNonExistentImpl@29d4f6a8'
2020-08-17 14:21:35.426  INFO 26152 --- [    Test worker] j.LocalContainerEntityManagerFactoryBean : Initialized JPA EntityManagerFactory for persistence unit 'default'
2020-08-17 14:21:35.954  INFO 26152 --- [    Test worker] o.h.h.i.QueryTranslatorFactoryInitiator  : HHH000397: Using ASTQueryTranslatorFactory
2020-08-17 14:21:36.257  INFO 26152 --- [    Test worker] o.s.s.web.DefaultSecurityFilterChain     : Creating filter chain: any request, [org.springframework.security.web.context.request.async.WebAsyncManagerIntegrationFilter@35f2c367, org.springframework.security.web.context.SecurityContextPersistenceFilter@150e61f5, org.springframework.security.web.header.HeaderWriterFilter@8554c92, org.springframework.security.web.authentication.logout.LogoutFilter@680af3ec, org.springframework.security.oauth2.client.web.OAuth2AuthorizationRequestRedirectFilter@42c1aa91, org.springframework.security.oauth2.client.web.OAuth2LoginAuthenticationFilter@2f9bba0f, org.springframework.security.web.authentication.ui.DefaultLoginPageGeneratingFilter@e6d2a1d, org.springframework.security.web.authentication.ui.DefaultLogoutPageGeneratingFilter@6d7cd7c5, org.springframework.security.web.savedrequest.RequestCacheAwareFilter@25fd7a5, org.springframework.security.web.servletapi.SecurityContextHolderAwareRequestFilter@204c3aa0, org.springframework.security.web.authentication.AnonymousAuthenticationFilter@1fc543a7, org.springframework.security.web.session.SessionManagementFilter@1996e32f, org.springframework.security.web.access.ExceptionTranslationFilter@2016ea03, org.springframework.security.web.access.intercept.FilterSecurityInterceptor@614a909d]
2020-08-17 14:21:36.417  INFO 26152 --- [    Test worker] o.s.s.concurrent.ThreadPoolTaskExecutor  : Initializing ExecutorService 'applicationTaskExecutor'
2020-08-17 14:21:36.430  WARN 26152 --- [    Test worker] aWebConfiguration$JpaWebMvcConfiguration : spring.jpa.open-in-view is enabled by default. Therefore, database queries may be performed during view rendering. Explicitly configure spring.jpa.open-in-view to disable this warning
2020-08-17 14:21:36.457  INFO 26152 --- [    Test worker] o.s.b.a.w.s.WelcomePageHandlerMapping    : Adding welcome page template: index
2020-08-17 14:21:36.714  INFO 26152 --- [    Test worker] s.a.ScheduledAnnotationBeanPostProcessor : No TaskScheduler/ScheduledExecutorService bean found for scheduled processing
2020-08-17 14:21:36.740  INFO 26152 --- [    Test worker] o.s.b.w.embedded.tomcat.TomcatWebServer  : Tomcat started on port(s): 54462 (http) with context path ''
2020-08-17 14:21:36.741  INFO 26152 --- [    Test worker] c.s.b.s.web.IndexControllerTest          : Started IndexControllerTest in 3.792 seconds (JVM running for 6.777)
2020-08-17 14:21:36.830  INFO 26152 --- [o-auto-1-exec-1] o.a.c.c.C.[Tomcat].[localhost].[/]       : Initializing Spring DispatcherServlet 'dispatcherServlet'
2020-08-17 14:21:36.830  INFO 26152 --- [o-auto-1-exec-1] o.s.web.servlet.DispatcherServlet        : Initializing Servlet 'dispatcherServlet'
2020-08-17 14:21:36.851  INFO 26152 --- [o-auto-1-exec-1] o.s.web.servlet.DispatcherServlet        : Completed initialization in 21 ms
Hibernate: select posts0_.id as id1_0_, posts0_.create_date as create_d2_0_, posts0_.modified_date as modified3_0_, posts0_.author as author4_0_, posts0_.content as content5_0_, posts0_.title as title6_0_ from posts posts0_ order by posts0_.id DESC
]]></system-out>
  <system-err><![CDATA[]]></system-err>
</testsuite>
