<?xml version="1.0" encoding="UTF-8"?>
<testsuite name="com.sijune.blog.springboot.web.PostsApiControllerTest" tests="2" skipped="0" failures="0" errors="0" timestamp="2020-08-17T05:21:36" hostname="SijuneLcBookPro" time="0.191">
  <properties/>
  <testcase name="Posts_create" classname="com.sijune.blog.springboot.web.PostsApiControllerTest" time="0.154"/>
  <testcase name="Posts_update" classname="com.sijune.blog.springboot.web.PostsApiControllerTest" time="0.035"/>
  <system-out><![CDATA[2020-08-17 14:21:36.953  INFO 26152 --- [    Test worker] .b.t.c.SpringBootTestContextBootstrapper : Neither @ContextConfiguration nor @ContextHierarchy found for test class [com.sijune.blog.springboot.web.PostsApiControllerTest], using SpringBootContextLoader
2020-08-17 14:21:36.954  INFO 26152 --- [    Test worker] o.s.t.c.support.AbstractContextLoader    : Could not detect default resource locations for test class [com.sijune.blog.springboot.web.PostsApiControllerTest]: no resource found for suffixes {-context.xml, Context.groovy}.
2020-08-17 14:21:36.954  INFO 26152 --- [    Test worker] t.c.s.AnnotationConfigContextLoaderUtils : Could not detect default configuration classes for test class [com.sijune.blog.springboot.web.PostsApiControllerTest]: PostsApiControllerTest does not declare any static, non-private, non-final, nested classes annotated with @Configuration.
2020-08-17 14:21:36.955  INFO 26152 --- [    Test worker] .b.t.c.SpringBootTestContextBootstrapper : Found @SpringBootConfiguration com.sijune.blog.springboot.Application for test class com.sijune.blog.springboot.web.PostsApiControllerTest
2020-08-17 14:21:36.956  INFO 26152 --- [    Test worker] .b.t.c.SpringBootTestContextBootstrapper : Loaded default TestExecutionListener class names from location [META-INF/spring.factories]: [org.springframework.security.test.context.support.WithSecurityContextTestExecutionListener, org.springframework.security.test.context.support.ReactorContextTestExecutionListener, org.springframework.boot.test.autoconfigure.restdocs.RestDocsTestExecutionListener, org.springframework.boot.test.autoconfigure.web.client.MockRestServiceServerResetTestExecutionListener, org.springframework.boot.test.autoconfigure.web.servlet.MockMvcPrintOnlyOnFailureTestExecutionListener, org.springframework.boot.test.autoconfigure.web.servlet.WebDriverTestExecutionListener, org.springframework.boot.test.mock.mockito.MockitoTestExecutionListener, org.springframework.boot.test.mock.mockito.ResetMocksTestExecutionListener, org.springframework.test.context.web.ServletTestExecutionListener, org.springframework.test.context.support.DirtiesContextBeforeModesTestExecutionListener, org.springframework.test.context.support.DependencyInjectionTestExecutionListener, org.springframework.test.context.support.DirtiesContextTestExecutionListener, org.springframework.test.context.transaction.TransactionalTestExecutionListener, org.springframework.test.context.jdbc.SqlScriptsTestExecutionListener]
2020-08-17 14:21:36.957  INFO 26152 --- [    Test worker] .b.t.c.SpringBootTestContextBootstrapper : Using TestExecutionListeners: [org.springframework.test.context.web.ServletTestExecutionListener@38b7b533, org.springframework.test.context.support.DirtiesContextBeforeModesTestExecutionListener@254ca3a8, org.springframework.boot.test.mock.mockito.MockitoTestExecutionListener@7861a249, org.springframework.boot.test.autoconfigure.SpringBootDependencyInjectionTestExecutionListener@2691ea8a, org.springframework.test.context.support.DirtiesContextTestExecutionListener@230acd46, org.springframework.test.context.transaction.TransactionalTestExecutionListener@631b7b6c, org.springframework.test.context.jdbc.SqlScriptsTestExecutionListener@161deeac, org.springframework.security.test.context.support.WithSecurityContextTestExecutionListener@3ff1935f, org.springframework.security.test.context.support.ReactorContextTestExecutionListener@4ae4091a, org.springframework.boot.test.autoconfigure.restdocs.RestDocsTestExecutionListener@729cdb31, org.springframework.boot.test.autoconfigure.web.client.MockRestServiceServerResetTestExecutionListener@b0d2340, org.springframework.boot.test.autoconfigure.web.servlet.MockMvcPrintOnlyOnFailureTestExecutionListener@38d52215, org.springframework.boot.test.autoconfigure.web.servlet.WebDriverTestExecutionListener@521340cc, org.springframework.boot.test.mock.mockito.ResetMocksTestExecutionListener@46424cec]
2020-08-17 14:21:36.964  INFO 26152 --- [    Test worker] o.a.c.c.C.[Tomcat].[localhost].[/]       : Initializing Spring TestDispatcherServlet ''
2020-08-17 14:21:36.964  INFO 26152 --- [    Test worker] o.s.t.web.servlet.TestDispatcherServlet  : Initializing Servlet ''
2020-08-17 14:21:36.967  INFO 26152 --- [    Test worker] o.s.t.web.servlet.TestDispatcherServlet  : Completed initialization in 3 ms
Hibernate: insert into posts (create_date, modified_date, author, content, title) values (?, ?, ?, ?, ?)
Hibernate: select posts0_.id as id1_0_, posts0_.create_date as create_d2_0_, posts0_.modified_date as modified3_0_, posts0_.author as author4_0_, posts0_.content as content5_0_, posts0_.title as title6_0_ from posts posts0_
Hibernate: select posts0_.id as id1_0_, posts0_.create_date as create_d2_0_, posts0_.modified_date as modified3_0_, posts0_.author as author4_0_, posts0_.content as content5_0_, posts0_.title as title6_0_ from posts posts0_
Hibernate: delete from posts where id=?
2020-08-17 14:21:37.118  INFO 26152 --- [    Test worker] o.a.c.c.C.[Tomcat].[localhost].[/]       : Initializing Spring TestDispatcherServlet ''
2020-08-17 14:21:37.118  INFO 26152 --- [    Test worker] o.s.t.web.servlet.TestDispatcherServlet  : Initializing Servlet ''
2020-08-17 14:21:37.122  INFO 26152 --- [    Test worker] o.s.t.web.servlet.TestDispatcherServlet  : Completed initialization in 4 ms
Hibernate: insert into posts (create_date, modified_date, author, content, title) values (?, ?, ?, ?, ?)
Hibernate: select posts0_.id as id1_0_0_, posts0_.create_date as create_d2_0_0_, posts0_.modified_date as modified3_0_0_, posts0_.author as author4_0_0_, posts0_.content as content5_0_0_, posts0_.title as title6_0_0_ from posts posts0_ where posts0_.id=?
Hibernate: update posts set create_date=?, modified_date=?, author=?, content=?, title=? where id=?
Hibernate: select posts0_.id as id1_0_, posts0_.create_date as create_d2_0_, posts0_.modified_date as modified3_0_, posts0_.author as author4_0_, posts0_.content as content5_0_, posts0_.title as title6_0_ from posts posts0_
Hibernate: select posts0_.id as id1_0_, posts0_.create_date as create_d2_0_, posts0_.modified_date as modified3_0_, posts0_.author as author4_0_, posts0_.content as content5_0_, posts0_.title as title6_0_ from posts posts0_
Hibernate: delete from posts where id=?
]]></system-out>
  <system-err><![CDATA[]]></system-err>
</testsuite>
