<?xml version="1.0" encoding="UTF-8"?>
<testsuite name="com.sijune.blog.springboot.web.dto.HelloResponseDtoTest" tests="1" skipped="0" failures="0" errors="0" timestamp="2020-08-17T05:21:32" hostname="SijuneLcBookPro" time="0.037">
  <properties/>
  <testcase name="lombok_function_test" classname="com.sijune.blog.springboot.web.dto.HelloResponseDtoTest" time="0.037"/>
  <system-out><![CDATA[]]></system-out>
  <system-err><![CDATA[]]></system-err>
</testsuite>
