<?xml version="1.0" encoding="UTF-8"?>
<testsuite name="com.sijune.blog.springboot.web.HelloControllerTest" tests="2" skipped="0" failures="0" errors="0" timestamp="2020-08-17T05:21:32" hostname="SijuneLcBookPro" time="0.269">
  <properties/>
  <testcase name="helloDto_return" classname="com.sijune.blog.springboot.web.HelloControllerTest" time="0.261"/>
  <testcase name="hello_return" classname="com.sijune.blog.springboot.web.HelloControllerTest" time="0.007"/>
  <system-out><![CDATA[14:21:30.424 [Test worker] DEBUG org.springframework.test.context.junit4.SpringJUnit4ClassRunner - SpringJUnit4ClassRunner constructor called with [class com.sijune.blog.springboot.web.HelloControllerTest]
14:21:30.429 [Test worker] DEBUG org.springframework.test.context.BootstrapUtils - Instantiating CacheAwareContextLoaderDelegate from class [org.springframework.test.context.cache.DefaultCacheAwareContextLoaderDelegate]
14:21:30.434 [Test worker] DEBUG org.springframework.test.context.BootstrapUtils - Instantiating BootstrapContext using constructor [public org.springframework.test.context.support.DefaultBootstrapContext(java.lang.Class,org.springframework.test.context.CacheAwareContextLoaderDelegate)]
14:21:30.450 [Test worker] DEBUG org.springframework.test.context.BootstrapUtils - Instantiating TestContextBootstrapper for test class [com.sijune.blog.springboot.web.HelloControllerTest] from class [org.springframework.boot.test.autoconfigure.web.servlet.WebMvcTestContextBootstrapper]
14:21:30.464 [Test worker] INFO org.springframework.boot.test.autoconfigure.web.servlet.WebMvcTestContextBootstrapper - Neither @ContextConfiguration nor @ContextHierarchy found for test class [com.sijune.blog.springboot.web.HelloControllerTest], using SpringBootContextLoader
14:21:30.466 [Test worker] DEBUG org.springframework.test.context.support.AbstractContextLoader - Did not detect default resource location for test class [com.sijune.blog.springboot.web.HelloControllerTest]: class path resource [com/sijune/blog/springboot/web/HelloControllerTest-context.xml] does not exist
14:21:30.466 [Test worker] DEBUG org.springframework.test.context.support.AbstractContextLoader - Did not detect default resource location for test class [com.sijune.blog.springboot.web.HelloControllerTest]: class path resource [com/sijune/blog/springboot/web/HelloControllerTestContext.groovy] does not exist
14:21:30.467 [Test worker] INFO org.springframework.test.context.support.AbstractContextLoader - Could not detect default resource locations for test class [com.sijune.blog.springboot.web.HelloControllerTest]: no resource found for suffixes {-context.xml, Context.groovy}.
14:21:30.467 [Test worker] INFO org.springframework.test.context.support.AnnotationConfigContextLoaderUtils - Could not detect default configuration classes for test class [com.sijune.blog.springboot.web.HelloControllerTest]: HelloControllerTest does not declare any static, non-private, non-final, nested classes annotated with @Configuration.
14:21:30.516 [Test worker] DEBUG org.springframework.test.context.support.ActiveProfilesUtils - Could not find an 'annotation declaring class' for annotation type [org.springframework.test.context.ActiveProfiles] and class [com.sijune.blog.springboot.web.HelloControllerTest]
14:21:30.575 [Test worker] DEBUG org.springframework.context.annotation.ClassPathScanningCandidateComponentProvider - Identified candidate component class: file [/Users/sijune/Desktop/springbootBlog/build/classes/java/main/com/sijune/blog/springboot/Application.class]
14:21:30.576 [Test worker] INFO org.springframework.boot.test.context.SpringBootTestContextBootstrapper - Found @SpringBootConfiguration com.sijune.blog.springboot.Application for test class com.sijune.blog.springboot.web.HelloControllerTest
14:21:30.577 [Test worker] DEBUG org.springframework.boot.test.autoconfigure.web.servlet.WebMvcTestContextBootstrapper - @TestExecutionListeners is not present for class [com.sijune.blog.springboot.web.HelloControllerTest]: using defaults.
14:21:30.577 [Test worker] INFO org.springframework.boot.test.autoconfigure.web.servlet.WebMvcTestContextBootstrapper - Loaded default TestExecutionListener class names from location [META-INF/spring.factories]: [org.springframework.security.test.context.support.WithSecurityContextTestExecutionListener, org.springframework.security.test.context.support.ReactorContextTestExecutionListener, org.springframework.boot.test.autoconfigure.restdocs.RestDocsTestExecutionListener, org.springframework.boot.test.autoconfigure.web.client.MockRestServiceServerResetTestExecutionListener, org.springframework.boot.test.autoconfigure.web.servlet.MockMvcPrintOnlyOnFailureTestExecutionListener, org.springframework.boot.test.autoconfigure.web.servlet.WebDriverTestExecutionListener, org.springframework.boot.test.mock.mockito.MockitoTestExecutionListener, org.springframework.boot.test.mock.mockito.ResetMocksTestExecutionListener, org.springframework.test.context.web.ServletTestExecutionListener, org.springframework.test.context.support.DirtiesContextBeforeModesTestExecutionListener, org.springframework.test.context.support.DependencyInjectionTestExecutionListener, org.springframework.test.context.support.DirtiesContextTestExecutionListener, org.springframework.test.context.transaction.TransactionalTestExecutionListener, org.springframework.test.context.jdbc.SqlScriptsTestExecutionListener]
14:21:30.591 [Test worker] INFO org.springframework.boot.test.autoconfigure.web.servlet.WebMvcTestContextBootstrapper - Using TestExecutionListeners: [org.springframework.test.context.web.ServletTestExecutionListener@24aff4ca, org.springframework.test.context.support.DirtiesContextBeforeModesTestExecutionListener@cf61b9f, org.springframework.boot.test.mock.mockito.MockitoTestExecutionListener@4b449218, org.springframework.boot.test.autoconfigure.SpringBootDependencyInjectionTestExecutionListener@40c7b58d, org.springframework.test.context.support.DirtiesContextTestExecutionListener@1b1500fb, org.springframework.test.context.transaction.TransactionalTestExecutionListener@2783cae5, org.springframework.test.context.jdbc.SqlScriptsTestExecutionListener@4838585f, org.springframework.security.test.context.support.WithSecurityContextTestExecutionListener@35aef708, org.springframework.security.test.context.support.ReactorContextTestExecutionListener@60f3b9e, org.springframework.boot.test.autoconfigure.restdocs.RestDocsTestExecutionListener@3f621d58, org.springframework.boot.test.autoconfigure.web.client.MockRestServiceServerResetTestExecutionListener@3592404b, org.springframework.boot.test.autoconfigure.web.servlet.MockMvcPrintOnlyOnFailureTestExecutionListener@77c6e746, org.springframework.boot.test.autoconfigure.web.servlet.WebDriverTestExecutionListener@8eaf1eb, org.springframework.boot.test.mock.mockito.ResetMocksTestExecutionListener@274db573]
14:21:30.593 [Test worker] DEBUG org.springframework.test.annotation.ProfileValueUtils - Retrieved @ProfileValueSourceConfiguration [null] for test class [com.sijune.blog.springboot.web.HelloControllerTest]
14:21:30.593 [Test worker] DEBUG org.springframework.test.annotation.ProfileValueUtils - Retrieved ProfileValueSource type [class org.springframework.test.annotation.SystemProfileValueSource] for class [com.sijune.blog.springboot.web.HelloControllerTest]
14:21:30.593 [Test worker] DEBUG org.springframework.test.annotation.ProfileValueUtils - Retrieved @ProfileValueSourceConfiguration [null] for test class [com.sijune.blog.springboot.web.HelloControllerTest]
14:21:30.594 [Test worker] DEBUG org.springframework.test.annotation.ProfileValueUtils - Retrieved ProfileValueSource type [class org.springframework.test.annotation.SystemProfileValueSource] for class [com.sijune.blog.springboot.web.HelloControllerTest]
14:21:30.597 [Test worker] DEBUG org.springframework.test.context.support.AbstractDirtiesContextTestExecutionListener - Before test class: context [DefaultTestContext@7704bea2 testClass = HelloControllerTest, testInstance = [null], testMethod = [null], testException = [null], mergedContextConfiguration = [WebMergedContextConfiguration@a3dbd81 testClass = HelloControllerTest, locations = '{}', classes = '{class com.sijune.blog.springboot.Application}', contextInitializerClasses = '[]', activeProfiles = '{}', propertySourceLocations = '{}', propertySourceProperties = '{org.springframework.boot.test.autoconfigure.web.servlet.WebMvcTestContextBootstrapper=true}', contextCustomizers = set[org.springframework.boot.test.autoconfigure.OverrideAutoConfigurationContextCustomizerFactory$DisableAutoConfigurationContextCustomizer@23d96155, org.springframework.boot.test.autoconfigure.filter.TypeExcludeFiltersContextCustomizer@90b10fd3, org.springframework.boot.test.autoconfigure.properties.PropertyMappingContextCustomizer@e10091f3, org.springframework.boot.test.autoconfigure.web.servlet.WebDriverContextCustomizerFactory$Customizer@1228f150, [ImportsContextCustomizer@45d13f9c key = [org.springframework.boot.autoconfigure.cache.CacheAutoConfiguration, org.springframework.boot.autoconfigure.context.MessageSourceAutoConfiguration, org.springframework.boot.autoconfigure.data.web.SpringDataWebAutoConfiguration, org.springframework.boot.autoconfigure.freemarker.FreeMarkerAutoConfiguration, org.springframework.boot.autoconfigure.groovy.template.GroovyTemplateAutoConfiguration, org.springframework.boot.autoconfigure.gson.GsonAutoConfiguration, org.springframework.boot.autoconfigure.hateoas.HypermediaAutoConfiguration, org.springframework.boot.autoconfigure.http.HttpMessageConvertersAutoConfiguration, org.springframework.boot.autoconfigure.jackson.JacksonAutoConfiguration, org.springframework.boot.autoconfigure.jsonb.JsonbAutoConfiguration, org.springframework.boot.autoconfigure.mustache.MustacheAutoConfiguration, org.springframework.boot.autoconfigure.task.TaskExecutionAutoConfiguration, org.springframework.boot.autoconfigure.thymeleaf.ThymeleafAutoConfiguration, org.springframework.boot.autoconfigure.validation.ValidationAutoConfiguration, org.springframework.boot.autoconfigure.web.servlet.error.ErrorMvcAutoConfiguration, org.springframework.boot.autoconfigure.web.servlet.WebMvcAutoConfiguration, org.springframework.boot.test.autoconfigure.web.servlet.MockMvcAutoConfiguration, org.springframework.boot.test.autoconfigure.web.servlet.MockMvcSecurityAutoConfiguration, org.springframework.boot.test.autoconfigure.web.servlet.MockMvcWebClientAutoConfiguration, org.springframework.boot.test.autoconfigure.web.servlet.MockMvcWebDriverAutoConfiguration]], org.springframework.boot.test.context.filter.ExcludeFilterContextCustomizer@50855407, org.springframework.boot.test.json.DuplicateJsonObjectContextCustomizerFactory$DuplicateJsonObjectContextCustomizer@174ea00d, org.springframework.boot.test.mock.mockito.MockitoContextCustomizer@0], resourceBasePath = 'src/main/webapp', contextLoader = 'org.springframework.boot.test.context.SpringBootContextLoader', parent = [null]], attributes = map[[empty]]], class annotated with @DirtiesContext [false] with mode [null].
14:21:30.598 [Test worker] DEBUG org.springframework.test.annotation.ProfileValueUtils - Retrieved @ProfileValueSourceConfiguration [null] for test class [com.sijune.blog.springboot.web.HelloControllerTest]
14:21:30.598 [Test worker] DEBUG org.springframework.test.annotation.ProfileValueUtils - Retrieved ProfileValueSource type [class org.springframework.test.annotation.SystemProfileValueSource] for class [com.sijune.blog.springboot.web.HelloControllerTest]
14:21:30.601 [Test worker] DEBUG org.springframework.test.context.support.DependencyInjectionTestExecutionListener - Performing dependency injection for test context [[DefaultTestContext@7704bea2 testClass = HelloControllerTest, testInstance = com.sijune.blog.springboot.web.HelloControllerTest@7a5b372d, testMethod = [null], testException = [null], mergedContextConfiguration = [WebMergedContextConfiguration@a3dbd81 testClass = HelloControllerTest, locations = '{}', classes = '{class com.sijune.blog.springboot.Application}', contextInitializerClasses = '[]', activeProfiles = '{}', propertySourceLocations = '{}', propertySourceProperties = '{org.springframework.boot.test.autoconfigure.web.servlet.WebMvcTestContextBootstrapper=true}', contextCustomizers = set[org.springframework.boot.test.autoconfigure.OverrideAutoConfigurationContextCustomizerFactory$DisableAutoConfigurationContextCustomizer@23d96155, org.springframework.boot.test.autoconfigure.filter.TypeExcludeFiltersContextCustomizer@90b10fd3, org.springframework.boot.test.autoconfigure.properties.PropertyMappingContextCustomizer@e10091f3, org.springframework.boot.test.autoconfigure.web.servlet.WebDriverContextCustomizerFactory$Customizer@1228f150, [ImportsContextCustomizer@45d13f9c key = [org.springframework.boot.autoconfigure.cache.CacheAutoConfiguration, org.springframework.boot.autoconfigure.context.MessageSourceAutoConfiguration, org.springframework.boot.autoconfigure.data.web.SpringDataWebAutoConfiguration, org.springframework.boot.autoconfigure.freemarker.FreeMarkerAutoConfiguration, org.springframework.boot.autoconfigure.groovy.template.GroovyTemplateAutoConfiguration, org.springframework.boot.autoconfigure.gson.GsonAutoConfiguration, org.springframework.boot.autoconfigure.hateoas.HypermediaAutoConfiguration, org.springframework.boot.autoconfigure.http.HttpMessageConvertersAutoConfiguration, org.springframework.boot.autoconfigure.jackson.JacksonAutoConfiguration, org.springframework.boot.autoconfigure.jsonb.JsonbAutoConfiguration, org.springframework.boot.autoconfigure.mustache.MustacheAutoConfiguration, org.springframework.boot.autoconfigure.task.TaskExecutionAutoConfiguration, org.springframework.boot.autoconfigure.thymeleaf.ThymeleafAutoConfiguration, org.springframework.boot.autoconfigure.validation.ValidationAutoConfiguration, org.springframework.boot.autoconfigure.web.servlet.error.ErrorMvcAutoConfiguration, org.springframework.boot.autoconfigure.web.servlet.WebMvcAutoConfiguration, org.springframework.boot.test.autoconfigure.web.servlet.MockMvcAutoConfiguration, org.springframework.boot.test.autoconfigure.web.servlet.MockMvcSecurityAutoConfiguration, org.springframework.boot.test.autoconfigure.web.servlet.MockMvcWebClientAutoConfiguration, org.springframework.boot.test.autoconfigure.web.servlet.MockMvcWebDriverAutoConfiguration]], org.springframework.boot.test.context.filter.ExcludeFilterContextCustomizer@50855407, org.springframework.boot.test.json.DuplicateJsonObjectContextCustomizerFactory$DuplicateJsonObjectContextCustomizer@174ea00d, org.springframework.boot.test.mock.mockito.MockitoContextCustomizer@0], resourceBasePath = 'src/main/webapp', contextLoader = 'org.springframework.boot.test.context.SpringBootContextLoader', parent = [null]], attributes = map[[empty]]]].
14:21:30.695 [Test worker] DEBUG org.springframework.test.context.support.TestPropertySourceUtils - Adding inlined properties to environment: {spring.jmx.enabled=false, org.springframework.boot.test.autoconfigure.web.servlet.WebMvcTestContextBootstrapper=true, server.port=-1}

  .   ____          _            __ _ _
 /\\ / ___'_ __ _ _(_)_ __  __ _ \ \ \ \
( ( )\___ | '_ | '_| | '_ \/ _` | \ \ \ \
 \\/  ___)| |_)| | | | | || (_| |  ) ) ) )
  '  |____| .__|_| |_|_| |_\__, | / / / /
 =========|_|==============|___/=/_/_/_/
 :: Spring Boot ::        (v2.1.7.RELEASE)

2020-08-17 14:21:30.902  INFO 26152 --- [    Test worker] c.s.b.s.web.HelloControllerTest          : Starting HelloControllerTest on SijuneLcBookPro with PID 26152 (started by sijune in /Users/sijune/Desktop/springbootBlog)
2020-08-17 14:21:30.905  INFO 26152 --- [    Test worker] c.s.b.s.web.HelloControllerTest          : No active profile set, falling back to default profiles: default
2020-08-17 14:21:31.993  INFO 26152 --- [    Test worker] o.s.s.concurrent.ThreadPoolTaskExecutor  : Initializing ExecutorService 'applicationTaskExecutor'
2020-08-17 14:21:32.062  INFO 26152 --- [    Test worker] o.s.b.a.w.s.WelcomePageHandlerMapping    : Adding welcome page template: index
2020-08-17 14:21:32.325  INFO 26152 --- [    Test worker] .s.s.UserDetailsServiceAutoConfiguration : 

Using generated security password: 4a7a39bc-c386-4b13-8f9f-1d55bf81fd40

2020-08-17 14:21:32.538  INFO 26152 --- [    Test worker] o.s.s.web.DefaultSecurityFilterChain     : Creating filter chain: any request, [org.springframework.security.web.context.request.async.WebAsyncManagerIntegrationFilter@a3eb19f, org.springframework.security.web.context.SecurityContextPersistenceFilter@36c500ac, org.springframework.security.web.header.HeaderWriterFilter@42dc54a8, org.springframework.security.web.csrf.CsrfFilter@78d3ede9, org.springframework.security.web.authentication.logout.LogoutFilter@5bdf323a, org.springframework.security.web.authentication.UsernamePasswordAuthenticationFilter@6821cc3d, org.springframework.security.web.authentication.ui.DefaultLoginPageGeneratingFilter@2f85df6d, org.springframework.security.web.authentication.ui.DefaultLogoutPageGeneratingFilter@5aecd565, org.springframework.security.web.authentication.www.BasicAuthenticationFilter@5856fbf7, org.springframework.security.web.savedrequest.RequestCacheAwareFilter@6e00efad, org.springframework.security.web.servletapi.SecurityContextHolderAwareRequestFilter@69b5592e, org.springframework.security.web.authentication.AnonymousAuthenticationFilter@bec32b8, org.springframework.security.web.session.SessionManagementFilter@22346820, org.springframework.security.web.access.ExceptionTranslationFilter@da9f021, org.springframework.security.web.access.intercept.FilterSecurityInterceptor@516b4de9]
2020-08-17 14:21:32.574  INFO 26152 --- [    Test worker] o.s.b.t.m.w.SpringBootMockServletContext : Initializing Spring TestDispatcherServlet ''
2020-08-17 14:21:32.575  INFO 26152 --- [    Test worker] o.s.t.web.servlet.TestDispatcherServlet  : Initializing Servlet ''
2020-08-17 14:21:32.584  INFO 26152 --- [    Test worker] o.s.t.web.servlet.TestDispatcherServlet  : Completed initialization in 9 ms
2020-08-17 14:21:32.627  INFO 26152 --- [    Test worker] c.s.b.s.web.HelloControllerTest          : Started HelloControllerTest in 1.926 seconds (JVM running for 2.663)
]]></system-out>
  <system-err><![CDATA[]]></system-err>
</testsuite>
